# JRE version: Java(TM) SE Runtime Environment (8.0_211-b12) (build 1.8.0_211-b12)
# Java VM: Java HotSpot(TM) 64-Bit Server VM (25.211-b12 mixed mode windows-amd64 compressed oops)
Heap:
 PSYoungGen      total 365056K, used 128402K [0x000000076ab00000, 0x000000079e800000, 0x00000007c0000000)
  eden space 93696K, 47% used [0x000000076ab00000,0x000000076d67a4c8,0x0000000770680000)
  from space 271360K, 30% used [0x0000000785500000,0x000000078a6ea550,0x0000000795e00000)
  to   space 342528K, 0% used [0x0000000770680000,0x0000000770680000,0x0000000785500000)
 ParOldGen       total 766976K, used 500635K [0x00000006c0000000, 0x00000006eed00000, 0x000000076ab00000)
  object space 766976K, 65% used [0x00000006c0000000,0x00000006de8e6e50,0x00000006eed00000)
 Metaspace       used 10338K, capacity 10700K, committed 10880K, reserved 1058816K
  class space    used 1207K, capacity 1326K, committed 1408K, reserved 1048576K
GC Heap History (10 events):
Event: 8.824 GC heap before
{Heap before GC invocations=12 (full 3):
 PSYoungGen      total 293376K, used 148704K [0x000000076ab00000, 0x000000078b400000, 0x00000007c0000000)
  eden space 133632K, 0% used [0x000000076ab00000,0x000000076ab00000,0x0000000772d80000)
  from space 159744K, 93% used [0x0000000772d80000,0x000000077beb8020,0x000000077c980000)
  to   space 183296K, 0% used [0x0000000780100000,0x0000000780100000,0x000000078b400000)
 ParOldGen       total 320000K, used 279815K [0x00000006c0000000, 0x00000006d3880000, 0x000000076ab00000)
  object space 320000K, 87% used [0x00000006c0000000,0x00000006d1141eb8,0x00000006d3880000)
 Metaspace       used 9717K, capacity 9956K, committed 10240K, reserved 1058816K
  class space    used 1128K, capacity 1234K, committed 1280K, reserved 1048576K
Event: 12.314 GC heap after
Heap after GC invocations=12 (full 3):
 PSYoungGen      total 293376K, used 94814K [0x000000076ab00000, 0x000000078b400000, 0x00000007c0000000)
  eden space 133632K, 0% used [0x000000076ab00000,0x000000076ab00000,0x0000000772d80000)
  from space 159744K, 59% used [0x0000000772d80000,0x0000000778a17930,0x000000077c980000)
  to   space 183296K, 0% used [0x0000000780100000,0x0000000780100000,0x000000078b400000)
 ParOldGen       total 502272K, used 307766K [0x00000006c0000000, 0x00000006dea80000, 0x000000076ab00000)
  object space 502272K, 61% used [0x00000006c0000000,0x00000006d2c8d938,0x00000006dea80000)
 Metaspace       used 9717K, capacity 9956K, committed 10240K, reserved 1058816K
  class space    used 1128K, capacity 1234K, committed 1280K, reserved 1048576K
}
Event: 12.540 GC heap before
{Heap before GC invocations=13 (full 3):
 PSYoungGen      total 293376K, used 228446K [0x000000076ab00000, 0x000000078b400000, 0x00000007c0000000)
  eden space 133632K, 100% used [0x000000076ab00000,0x0000000772d80000,0x0000000772d80000)
  from space 159744K, 59% used [0x0000000772d80000,0x0000000778a17930,0x000000077c980000)
  to   space 183296K, 0% used [0x0000000780100000,0x0000000780100000,0x000000078b400000)
 ParOldGen       total 502272K, used 307766K [0x00000006c0000000, 0x00000006dea80000, 0x000000076ab00000)
  object space 502272K, 61% used [0x00000006c0000000,0x00000006d2c8d938,0x00000006dea80000)
 Metaspace       used 9717K, capacity 9956K, committed 10240K, reserved 1058816K
  class space    used 1128K, capacity 1234K, committed 1280K, reserved 1048576K
Event: 12.803 GC heap after
Heap after GC invocations=13 (full 3):
 PSYoungGen      total 321024K, used 181984K [0x000000076ab00000, 0x000000078e700000, 0x00000007c0000000)
  eden space 137728K, 0% used [0x000000076ab00000,0x000000076ab00000,0x0000000773180000)
  from space 183296K, 99% used [0x0000000780100000,0x000000078b2b8020,0x000000078b400000)
  to   space 212480K, 0% used [0x0000000773180000,0x0000000773180000,0x0000000780100000)
 ParOldGen       total 502272K, used 307766K [0x00000006c0000000, 0x00000006dea80000, 0x000000076ab00000)
  object space 502272K, 61% used [0x00000006c0000000,0x00000006d2c8d938,0x00000006dea80000)
 Metaspace       used 9717K, capacity 9956K, committed 10240K, reserved 1058816K
  class space    used 1128K, capacity 1234K, committed 1280K, reserved 1048576K
}
Event: 14.632 GC heap before
{Heap before GC invocations=14 (full 3):
 PSYoungGen      total 321024K, used 319712K [0x000000076ab00000, 0x000000078e700000, 0x00000007c0000000)
  eden space 137728K, 100% used [0x000000076ab00000,0x0000000773180000,0x0000000773180000)
  from space 183296K, 99% used [0x0000000780100000,0x000000078b2b8020,0x000000078b400000)
  to   space 212480K, 0% used [0x0000000773180000,0x0000000773180000,0x0000000780100000)
 ParOldGen       total 502272K, used 307766K [0x00000006c0000000, 0x00000006dea80000, 0x000000076ab00000)
  object space 502272K, 61% used [0x00000006c0000000,0x00000006d2c8d938,0x00000006dea80000)
 Metaspace       used 9793K, capacity 10050K, committed 10240K, reserved 1058816K
  class space    used 1134K, capacity 1239K, committed 1280K, reserved 1048576K
Event: 15.012 GC heap after
Heap after GC invocations=14 (full 3):
 PSYoungGen      total 350208K, used 212461K [0x000000076ab00000, 0x0000000795e00000, 0x00000007c0000000)
  eden space 137728K, 0% used [0x000000076ab00000,0x000000076ab00000,0x0000000773180000)
  from space 212480K, 99% used [0x0000000773180000,0x00000007800fb550,0x0000000780100000)
  to   space 271360K, 0% used [0x0000000785500000,0x0000000785500000,0x0000000795e00000)
 ParOldGen       total 502272K, used 373079K [0x00000006c0000000, 0x00000006dea80000, 0x000000076ab00000)
  object space 502272K, 74% used [0x00000006c0000000,0x00000006d6c55f28,0x00000006dea80000)
 Metaspace       used 9793K, capacity 10050K, committed 10240K, reserved 1058816K
  class space    used 1134K, capacity 1239K, committed 1280K, reserved 1048576K
}
Event: 17.189 GC heap before
{Heap before GC invocations=15 (full 3):
 PSYoungGen      total 350208K, used 350189K [0x000000076ab00000, 0x0000000795e00000, 0x00000007c0000000)
  eden space 137728K, 100% used [0x000000076ab00000,0x0000000773180000,0x0000000773180000)
  from space 212480K, 99% used [0x0000000773180000,0x00000007800fb550,0x0000000780100000)
  to   space 271360K, 0% used [0x0000000785500000,0x0000000785500000,0x0000000795e00000)
 ParOldGen       total 502272K, used 373079K [0x00000006c0000000, 0x00000006dea80000, 0x000000076ab00000)
  object space 502272K, 74% used [0x00000006c0000000,0x00000006d6c55f28,0x00000006dea80000)
 Metaspace       used 10219K, capacity 10564K, committed 10880K, reserved 1058816K
  class space    used 1192K, capacity 1314K, committed 1408K, reserved 1048576K
Event: 17.578 GC heap after
Heap after GC invocations=15 (full 3):
 PSYoungGen      total 365056K, used 271341K [0x000000076ab00000, 0x000000079e800000, 0x00000007c0000000)
  eden space 93696K, 0% used [0x000000076ab00000,0x000000076ab00000,0x0000000770680000)
  from space 271360K, 99% used [0x0000000785500000,0x0000000795dfb560,0x0000000795e00000)
  to   space 342528K, 0% used [0x0000000770680000,0x0000000770680000,0x0000000785500000)
 ParOldGen       total 502272K, used 443477K [0x00000006c0000000, 0x00000006dea80000, 0x000000076ab00000)
  object space 502272K, 88% used [0x00000006c0000000,0x00000006db1157e0,0x00000006dea80000)
 Metaspace       used 10219K, capacity 10564K, committed 10880K, reserved 1058816K
  class space    used 1192K, capacity 1314K, committed 1408K, reserved 1048576K
}
Event: 17.578 GC heap before
{Heap before GC invocations=16 (full 4):
 PSYoungGen      total 365056K, used 271341K [0x000000076ab00000, 0x000000079e800000, 0x00000007c0000000)
  eden space 93696K, 0% used [0x000000076ab00000,0x000000076ab00000,0x0000000770680000)
  from space 271360K, 99% used [0x0000000785500000,0x0000000795dfb560,0x0000000795e00000)
  to   space 342528K, 0% used [0x0000000770680000,0x0000000770680000,0x0000000785500000)
 ParOldGen       total 502272K, used 443477K [0x00000006c0000000, 0x00000006dea80000, 0x000000076ab00000)
  object space 502272K, 88% used [0x00000006c0000000,0x00000006db1157e0,0x00000006dea80000)
 Metaspace       used 10219K, capacity 10564K, committed 10880K, reserved 1058816K
  class space    used 1192K, capacity 1314K, committed 1408K, reserved 1048576K
Event: 21.630 GC heap after
Heap after GC invocations=16 (full 4):
 PSYoungGen      total 365056K, used 83881K [0x000000076ab00000, 0x000000079e800000, 0x00000007c0000000)
  eden space 93696K, 0% used [0x000000076ab00000,0x000000076ab00000,0x0000000770680000)
  from space 271360K, 30% used [0x0000000785500000,0x000000078a6ea550,0x0000000795e00000)
  to   space 342528K, 0% used [0x0000000770680000,0x0000000770680000,0x0000000785500000)
 ParOldGen       total 766976K, used 500635K [0x00000006c0000000, 0x00000006eed00000, 0x000000076ab00000)
  object space 766976K, 65% used [0x00000006c0000000,0x00000006de8e6e50,0x00000006eed00000)
 Metaspace       used 10219K, capacity 10564K, committed 10880K, reserved 1058816K
  class space    used 1192K, capacity 1314K, committed 1408K, reserved 1048576K
}

